<?xml version="1.0" encoding="UTF-8"?>
<!-- Generated by org.testng.reporters.JUnitReportReporter -->
<testsuite hostname="SIPL92" failures="0" tests="1" name="RMS.RMS" time="20.613" errors="1" timestamp="2022-08-22T11:58:20 IST" skipped="0">
  <testcase classname="RMS.RMS" name="main" time="20.613">
    <error type="java.lang.StackOverflowError">
      <![CDATA[java.lang.StackOverflowError
at org.openqa.selenium.remote.RemoteWebDriver.findElement(RemoteWebDriver.java:315)
at org.openqa.selenium.By$BaseW3CLocator.findElement(By.java:399)
at org.openqa.selenium.By$ByXPath.findElement(By.java:279)
at org.openqa.selenium.remote.RemoteWebDriver.findElement(RemoteWebDriver.java:315)
at org.openqa.selenium.By$BaseW3CLocator.findElement(By.java:399)
at org.openqa.selenium.By$ByXPath.findElement(By.java:279)
at org.openqa.selenium.remote.RemoteWebDriver.findElement(RemoteWebDriver.java:315)
at org.openqa.selenium.By$BaseW3CLocator.findElement(By.java:399)
at org.openqa.selenium.By$ByXPath.findElement(By.java:279)
at org.openqa.selenium.remote.RemoteWebDriver.findElement(RemoteWebDriver.java:315)
at org.openqa.selenium.By$BaseW3CLocator.findElement(By.java:399)
at org.openqa.selenium.By$ByXPath.findElement(By.java:279)
at org.openqa.selenium.remote.RemoteWebDriver.findElement(RemoteWebDriver.java:315)
at org.openqa.selenium.By$BaseW3CLocator.findElement(By.java:399)
at org.openqa.selenium.By$ByXPath.findElement(By.java:279)
at org.openqa.selenium.remote.RemoteWebDriver.findElement(RemoteWebDriver.java:315)
at org.openqa.selenium.By$BaseW3CLocator.findElement(By.java:399)
at org.openqa.selenium.By$ByXPath.findElement(By.java:279)
at org.openqa.selenium.remote.RemoteWebDriver.findElement(RemoteWebDriver.java:315)
at org.openqa.selenium.By$BaseW3CLocator.findElement(By.java:399)
at org.openqa.selenium.By$ByXPath.findElement(By.java:279)
at org.openqa.selenium.remote.RemoteWebDriver.findElement(RemoteWebDriver.java:315)
at org.openqa.selenium.By$BaseW3CLocator.findElement(By.java:399)
at org.openqa.selenium.By$ByXPath.findElement(By.java:279)
at org.openqa.selenium.remote.RemoteWebDriver.findElement(RemoteWebDriver.java:315)
at org.openqa.selenium.By$BaseW3CLocator.findElement(By.java:399)
at org.openqa.selenium.By$ByXPath.findElement(By.java:279)
at org.openqa.selenium.remote.RemoteWebDriver.findElement(RemoteWebDriver.java:315)
at org.openqa.selenium.By$BaseW3CLocator.findElement(By.java:399)
at org.openqa.selenium.By$ByXPath.findElement(By.java:279)
at org.openqa.selenium.remote.RemoteWebDriver.findElement(RemoteWebDriver.java:315)
at org.openqa.selenium.By$BaseW3CLocator.findElement(By.java:399)
at org.openqa.selenium.By$ByXPath.findElement(By.java:279)
at org.openqa.selenium.remote.RemoteWebDriver.findElement(RemoteWebDriver.java:315)
at org.openqa.selenium.By$BaseW3CLocator.findElement(By.java:399)
at org.openqa.selenium.By$ByXPath.findElement(By.java:279)
at org.openqa.selenium.remote.RemoteWebDriver.findElement(RemoteWebDriver.java:315)
at org.openqa.selenium.By$BaseW3CLocator.findElement(By.java:399)
at org.openqa.selenium.By$ByXPath.findElement(By.java:279)
at org.openqa.selenium.remote.RemoteWebDriver.findElement(RemoteWebDriver.java:315)
at org.openqa.selenium.By$BaseW3CLocator.findElement(By.java:399)
at org.openqa.selenium.By$ByXPath.findElement(By.java:279)
at org.openqa.selenium.remote.RemoteWebDriver.findElement(RemoteWebDriver.java:315)
at org.openqa.selenium.By$BaseW3CLocator.findElement(By.java:399)
at org.openqa.selenium.By$ByXPath.findElement(By.java:279)
at org.openqa.selenium.remote.RemoteWebDriver.findElement(RemoteWebDriver.java:315)
at org.openqa.selenium.By$BaseW3CLocator.findElement(By.java:399)
at org.openqa.selenium.By$ByXPath.findElement(By.java:279)
at org.openqa.selenium.remote.RemoteWebDriver.findElement(RemoteWebDriver.java:315)
at org.openqa.selenium.By$BaseW3CLocator.findElement(By.java:399)
at org.openqa.selenium.By$ByXPath.findElement(By.java:279)
at org.openqa.selenium.remote.RemoteWebDriver.findElement(RemoteWebDriver.java:315)
at org.openqa.selenium.By$BaseW3CLocator.findElement(By.java:399)
at org.openqa.selenium.By$ByXPath.findElement(By.java:279)
at org.openqa.selenium.remote.RemoteWebDriver.findElement(RemoteWebDriver.java:315)
at org.openqa.selenium.By$BaseW3CLocator.findElement(By.java:399)
at org.openqa.selenium.By$ByXPath.findElement(By.java:279)
at org.openqa.selenium.remote.RemoteWebDriver.findElement(RemoteWebDriver.java:315)
at org.openqa.selenium.By$BaseW3CLocator.findElement(By.java:399)
at org.openqa.selenium.By$ByXPath.findElement(By.java:279)
at org.openqa.selenium.remote.RemoteWebDriver.findElement(RemoteWebDriver.java:315)
at org.openqa.selenium.By$BaseW3CLocator.findElement(By.java:399)
at org.openqa.selenium.By$ByXPath.findElement(By.java:279)
at org.openqa.selenium.remote.RemoteWebDriver.findElement(RemoteWebDriver.java:315)
at org.openqa.selenium.By$BaseW3CLocator.findElement(By.java:399)
at org.openqa.selenium.By$ByXPath.findElement(By.java:279)
at org.openqa.selenium.remote.RemoteWebDriver.findElement(RemoteWebDriver.java:315)
at org.openqa.selenium.By$BaseW3CLocator.findElement(By.java:399)
at org.openqa.selenium.By$ByXPath.findElement(By.java:279)
at org.openqa.selenium.remote.RemoteWebDriver.findElement(RemoteWebDriver.java:315)
at org.openqa.selenium.By$BaseW3CLocator.findElement(By.java:399)
at org.openqa.selenium.By$ByXPath.findElement(By.java:279)
at org.openqa.selenium.remote.RemoteWebDriver.findElement(RemoteWebDriver.java:315)
at org.openqa.selenium.By$BaseW3CLocator.findElement(By.java:399)
at org.openqa.selenium.By$ByXPath.findElement(By.java:279)
at org.openqa.selenium.remote.RemoteWebDriver.findElement(RemoteWebDriver.java:315)
at org.openqa.selenium.By$BaseW3CLocator.findElement(By.java:399)
at org.openqa.selenium.By$ByXPath.findElement(By.java:279)
at org.openqa.selenium.remote.RemoteWebDriver.findElement(RemoteWebDriver.java:315)
at org.openqa.selenium.By$BaseW3CLocator.findElement(By.java:399)
at org.openqa.selenium.By$ByXPath.findElement(By.java:279)
at org.openqa.selenium.remote.RemoteWebDriver.findElement(RemoteWebDriver.java:315)
at org.openqa.selenium.By$BaseW3CLocator.findElement(By.java:399)
at org.openqa.selenium.By$ByXPath.findElement(By.java:279)
at org.openqa.selenium.remote.RemoteWebDriver.findElement(RemoteWebDriver.java:315)
at org.openqa.selenium.By$BaseW3CLocator.findElement(By.java:399)
at org.openqa.selenium.By$ByXPath.findElement(By.java:279)
at org.openqa.selenium.remote.RemoteWebDriver.findElement(RemoteWebDriver.java:315)
at org.openqa.selenium.By$BaseW3CLocator.findElement(By.java:399)
at org.openqa.selenium.By$ByXPath.findElement(By.java:279)
at org.openqa.selenium.remote.RemoteWebDriver.findElement(RemoteWebDriver.java:315)
at org.openqa.selenium.By$BaseW3CLocator.findElement(By.java:399)
at org.openqa.selenium.By$ByXPath.findElement(By.java:279)
at org.openqa.selenium.remote.RemoteWebDriver.findElement(RemoteWebDriver.java:315)
at org.openqa.selenium.By$BaseW3CLocator.findElement(By.java:399)
at org.openqa.selenium.By$ByXPath.findElement(By.java:279)
at org.openqa.selenium.remote.RemoteWebDriver.findElement(RemoteWebDriver.java:315)
at org.openqa.selenium.By$BaseW3CLocator.findElement(By.java:399)
at org.openqa.selenium.By$ByXPath.findElement(By.java:279)
at org.openqa.selenium.remote.RemoteWebDriver.findElement(RemoteWebDriver.java:315)
at org.openqa.selenium.By$BaseW3CLocator.findElement(By.java:399)
at org.openqa.selenium.By$ByXPath.findElement(By.java:279)
at org.openqa.selenium.remote.RemoteWebDriver.findElement(RemoteWebDriver.java:315)
at org.openqa.selenium.By$BaseW3CLocator.findElement(By.java:399)
at org.openqa.selenium.By$ByXPath.findElement(By.java:279)
at org.openqa.selenium.remote.RemoteWebDriver.findElement(RemoteWebDriver.java:315)
at org.openqa.selenium.By$BaseW3CLocator.findElement(By.java:399)
at org.openqa.selenium.By$ByXPath.findElement(By.java:279)
at org.openqa.selenium.remote.RemoteWebDriver.findElement(RemoteWebDriver.java:315)
at org.openqa.selenium.By$BaseW3CLocator.findElement(By.java:399)
at org.openqa.selenium.By$ByXPath.findElement(By.java:279)
at org.openqa.selenium.remote.RemoteWebDriver.findElement(RemoteWebDriver.java:315)
at org.openqa.selenium.By$BaseW3CLocator.findElement(By.java:399)
at org.openqa.selenium.By$ByXPath.findElement(By.java:279)
at org.openqa.selenium.remote.RemoteWebDriver.findElement(RemoteWebDriver.java:315)
at org.openqa.selenium.By$BaseW3CLocator.findElement(By.java:399)
at org.openqa.selenium.By$ByXPath.findElement(By.java:279)
at org.openqa.selenium.remote.RemoteWebDriver.findElement(RemoteWebDriver.java:315)
at org.openqa.selenium.By$BaseW3CLocator.findElement(By.java:399)
at org.openqa.selenium.By$ByXPath.findElement(By.java:279)
at org.openqa.selenium.remote.RemoteWebDriver.findElement(RemoteWebDriver.java:315)
at org.openqa.selenium.By$BaseW3CLocator.findElement(By.java:399)
at org.openqa.selenium.By$ByXPath.findElement(By.java:279)
at org.openqa.selenium.remote.RemoteWebDriver.findElement(RemoteWebDriver.java:315)
at org.openqa.selenium.By$BaseW3CLocator.findElement(By.java:399)
at org.openqa.selenium.By$ByXPath.findElement(By.java:279)
at org.openqa.selenium.remote.RemoteWebDriver.findElement(RemoteWebDriver.java:315)
at org.openqa.selenium.By$BaseW3CLocator.findElement(By.java:399)
at org.openqa.selenium.By$ByXPath.findElement(By.java:279)
at org.openqa.selenium.remote.RemoteWebDriver.findElement(RemoteWebDriver.java:315)
at org.openqa.selenium.By$BaseW3CLocator.findElement(By.java:399)
at org.openqa.selenium.By$ByXPath.findElement(By.java:279)
at org.openqa.selenium.remote.RemoteWebDriver.findElement(RemoteWebDriver.java:315)
at org.openqa.selenium.By$BaseW3CLocator.findElement(By.java:399)
at org.openqa.selenium.By$ByXPath.findElement(By.java:279)
at org.openqa.selenium.remote.RemoteWebDriver.findElement(RemoteWebDriver.java:315)
at org.openqa.selenium.By$BaseW3CLocator.findElement(By.java:399)
at org.openqa.selenium.By$ByXPath.findElement(By.java:279)
at org.openqa.selenium.remote.RemoteWebDriver.findElement(RemoteWebDriver.java:315)
at org.openqa.selenium.By$BaseW3CLocator.findElement(By.java:399)
at org.openqa.selenium.By$ByXPath.findElement(By.java:279)
at org.openqa.selenium.remote.RemoteWebDriver.findElement(RemoteWebDriver.java:315)
at org.openqa.selenium.By$BaseW3CLocator.findElement(By.java:399)
at org.openqa.selenium.By$ByXPath.findElement(By.java:279)
at org.openqa.selenium.remote.RemoteWebDriver.findElement(RemoteWebDriver.java:315)
at org.openqa.selenium.By$BaseW3CLocator.findElement(By.java:399)
at org.openqa.selenium.By$ByXPath.findElement(By.java:279)
at org.openqa.selenium.remote.RemoteWebDriver.findElement(RemoteWebDriver.java:315)
at org.openqa.selenium.By$BaseW3CLocator.findElement(By.java:399)
at org.openqa.selenium.By$ByXPath.findElement(By.java:279)
at org.openqa.selenium.remote.RemoteWebDriver.findElement(RemoteWebDriver.java:315)
at org.openqa.selenium.By$BaseW3CLocator.findElement(By.java:399)
at org.openqa.selenium.By$ByXPath.findElement(By.java:279)
at org.openqa.selenium.remote.RemoteWebDriver.findElement(RemoteWebDriver.java:315)
at org.openqa.selenium.By$BaseW3CLocator.findElement(By.java:399)
at org.openqa.selenium.By$ByXPath.findElement(By.java:279)
at org.openqa.selenium.remote.RemoteWebDriver.findElement(RemoteWebDriver.java:315)
at org.openqa.selenium.By$BaseW3CLocator.findElement(By.java:399)
at org.openqa.selenium.By$ByXPath.findElement(By.java:279)
at org.openqa.selenium.remote.RemoteWebDriver.findElement(RemoteWebDriver.java:315)
at org.openqa.selenium.By$BaseW3CLocator.findElement(By.java:399)
at org.openqa.selenium.By$ByXPath.findElement(By.java:279)
at org.openqa.selenium.remote.RemoteWebDriver.findElement(RemoteWebDriver.java:315)
at org.openqa.selenium.By$BaseW3CLocator.findElement(By.java:399)
at org.openqa.selenium.By$ByXPath.findElement(By.java:279)
at org.openqa.selenium.remote.RemoteWebDriver.findElement(RemoteWebDriver.java:315)
at org.openqa.selenium.By$BaseW3CLocator.findElement(By.java:399)
at org.openqa.selenium.By$ByXPath.findElement(By.java:279)
at org.openqa.selenium.remote.RemoteWebDriver.findElement(RemoteWebDriver.java:315)
at org.openqa.selenium.By$BaseW3CLocator.findElement(By.java:399)
at org.openqa.selenium.By$ByXPath.findElement(By.java:279)
at org.openqa.selenium.remote.RemoteWebDriver.findElement(RemoteWebDriver.java:315)
at org.openqa.selenium.By$BaseW3CLocator.findElement(By.java:399)
at org.openqa.selenium.By$ByXPath.findElement(By.java:279)
at org.openqa.selenium.remote.RemoteWebDriver.findElement(RemoteWebDriver.java:315)
at org.openqa.selenium.By$BaseW3CLocator.findElement(By.java:399)
at org.openqa.selenium.By$ByXPath.findElement(By.java:279)
at org.openqa.selenium.remote.RemoteWebDriver.findElement(RemoteWebDriver.java:315)
at org.openqa.selenium.By$BaseW3CLocator.findElement(By.java:399)
at org.openqa.selenium.By$ByXPath.findElement(By.java:279)
at org.openqa.selenium.remote.RemoteWebDriver.findElement(RemoteWebDriver.java:315)
at org.openqa.selenium.By$BaseW3CLocator.findElement(By.java:399)
at org.openqa.selenium.By$ByXPath.findElement(By.java:279)
at org.openqa.selenium.remote.RemoteWebDriver.findElement(RemoteWebDriver.java:315)
at org.openqa.selenium.By$BaseW3CLocator.findElement(By.java:399)
at org.openqa.selenium.By$ByXPath.findElement(By.java:279)
at org.openqa.selenium.remote.RemoteWebDriver.findElement(RemoteWebDriver.java:315)
at org.openqa.selenium.By$BaseW3CLocator.findElement(By.java:399)
at org.openqa.selenium.By$ByXPath.findElement(By.java:279)
at org.openqa.selenium.remote.RemoteWebDriver.findElement(RemoteWebDriver.java:315)
at org.openqa.selenium.By$BaseW3CLocator.findElement(By.java:399)
at org.openqa.selenium.By$ByXPath.findElement(By.java:279)
at org.openqa.selenium.remote.RemoteWebDriver.findElement(RemoteWebDriver.java:315)
at org.openqa.selenium.By$BaseW3CLocator.findElement(By.java:399)
at org.openqa.selenium.By$ByXPath.findElement(By.java:279)
at org.openqa.selenium.remote.RemoteWebDriver.findElement(RemoteWebDriver.java:315)
at org.openqa.selenium.By$BaseW3CLocator.findElement(By.java:399)
at org.openqa.selenium.By$ByXPath.findElement(By.java:279)
at org.openqa.selenium.remote.RemoteWebDriver.findElement(RemoteWebDriver.java:315)
at org.openqa.selenium.By$BaseW3CLocator.findElement(By.java:399)
at org.openqa.selenium.By$ByXPath.findElement(By.java:279)
at org.openqa.selenium.remote.RemoteWebDriver.findElement(RemoteWebDriver.java:315)
at org.openqa.selenium.By$BaseW3CLocator.findElement(By.java:399)
at org.openqa.selenium.By$ByXPath.findElement(By.java:279)
at org.openqa.selenium.remote.RemoteWebDriver.findElement(RemoteWebDriver.java:315)
at org.openqa.selenium.By$BaseW3CLocator.findElement(By.java:399)
at org.openqa.selenium.By$ByXPath.findElement(By.java:279)
at org.openqa.selenium.remote.RemoteWebDriver.findElement(RemoteWebDriver.java:315)
at org.openqa.selenium.By$BaseW3CLocator.findElement(By.java:399)
at org.openqa.selenium.By$ByXPath.findElement(By.java:279)
at org.openqa.selenium.remote.RemoteWebDriver.findElement(RemoteWebDriver.java:315)
at org.openqa.selenium.By$BaseW3CLocator.findElement(By.java:399)
at org.openqa.selenium.By$ByXPath.findElement(By.java:279)
at org.openqa.selenium.remote.RemoteWebDriver.findElement(RemoteWebDriver.java:315)
at org.openqa.selenium.By$BaseW3CLocator.findElement(By.java:399)
at org.openqa.selenium.By$ByXPath.findElement(By.java:279)
at org.openqa.selenium.remote.RemoteWebDriver.findElement(RemoteWebDriver.java:315)
at org.openqa.selenium.By$BaseW3CLocator.findElement(By.java:399)
at org.openqa.selenium.By$ByXPath.findElement(By.java:279)
at org.openqa.selenium.remote.RemoteWebDriver.findElement(RemoteWebDriver.java:315)
at org.openqa.selenium.By$BaseW3CLocator.findElement(By.java:399)
at org.openqa.selenium.By$ByXPath.findElement(By.java:279)
at org.openqa.selenium.remote.RemoteWebDriver.findElement(RemoteWebDriver.java:315)
at org.openqa.selenium.By$BaseW3CLocator.findElement(By.java:399)
at org.openqa.selenium.By$ByXPath.findElement(By.java:279)
at org.openqa.selenium.remote.RemoteWebDriver.findElement(RemoteWebDriver.java:315)
at org.openqa.selenium.By$BaseW3CLocator.findElement(By.java:399)
at org.openqa.selenium.By$ByXPath.findElement(By.java:279)
at org.openqa.selenium.remote.RemoteWebDriver.findElement(RemoteWebDriver.java:315)
at org.openqa.selenium.By$BaseW3CLocator.findElement(By.java:399)
at org.openqa.selenium.By$ByXPath.findElement(By.java:279)
at org.openqa.selenium.remote.RemoteWebDriver.findElement(RemoteWebDriver.java:315)
at org.openqa.selenium.By$BaseW3CLocator.findElement(By.java:399)
at org.openqa.selenium.By$ByXPath.findElement(By.java:279)
at org.openqa.selenium.remote.RemoteWebDriver.findElement(RemoteWebDriver.java:315)
at org.openqa.selenium.By$BaseW3CLocator.findElement(By.java:399)
at org.openqa.selenium.By$ByXPath.findElement(By.java:279)
at org.openqa.selenium.remote.RemoteWebDriver.findElement(RemoteWebDriver.java:315)
at org.openqa.selenium.By$BaseW3CLocator.findElement(By.java:399)
at org.openqa.selenium.By$ByXPath.findElement(By.java:279)
at org.openqa.selenium.remote.RemoteWebDriver.findElement(RemoteWebDriver.java:315)
at org.openqa.selenium.By$BaseW3CLocator.findElement(By.java:399)
at org.openqa.selenium.By$ByXPath.findElement(By.java:279)
at org.openqa.selenium.remote.RemoteWebDriver.findElement(RemoteWebDriver.java:315)
at org.openqa.selenium.By$BaseW3CLocator.findElement(By.java:399)
at org.openqa.selenium.By$ByXPath.findElement(By.java:279)
at org.openqa.selenium.remote.RemoteWebDriver.findElement(RemoteWebDriver.java:315)
at org.openqa.selenium.By$BaseW3CLocator.findElement(By.java:399)
at org.openqa.selenium.By$ByXPath.findElement(By.java:279)
at org.openqa.selenium.remote.RemoteWebDriver.findElement(RemoteWebDriver.java:315)
at org.openqa.selenium.By$BaseW3CLocator.findElement(By.java:399)
at org.openqa.selenium.By$ByXPath.findElement(By.java:279)
at org.openqa.selenium.remote.RemoteWebDriver.findElement(RemoteWebDriver.java:315)
at org.openqa.selenium.By$BaseW3CLocator.findElement(By.java:399)
at org.openqa.selenium.By$ByXPath.findElement(By.java:279)
at org.openqa.selenium.remote.RemoteWebDriver.findElement(RemoteWebDriver.java:315)
at org.openqa.selenium.By$BaseW3CLocator.findElement(By.java:399)
at org.openqa.selenium.By$ByXPath.findElement(By.java:279)
at org.openqa.selenium.remote.RemoteWebDriver.findElement(RemoteWebDriver.java:315)
at org.openqa.selenium.By$BaseW3CLocator.findElement(By.java:399)
at org.openqa.selenium.By$ByXPath.findElement(By.java:279)
at org.openqa.selenium.remote.RemoteWebDriver.findElement(RemoteWebDriver.java:315)
at org.openqa.selenium.By$BaseW3CLocator.findElement(By.java:399)
at org.openqa.selenium.By$ByXPath.findElement(By.java:279)
at org.openqa.selenium.remote.RemoteWebDriver.findElement(RemoteWebDriver.java:315)
at org.openqa.selenium.By$BaseW3CLocator.findElement(By.java:399)
at org.openqa.selenium.By$ByXPath.findElement(By.java:279)
at org.openqa.selenium.remote.RemoteWebDriver.findElement(RemoteWebDriver.java:315)
at org.openqa.selenium.By$BaseW3CLocator.findElement(By.java:399)
at org.openqa.selenium.By$ByXPath.findElement(By.java:279)
at org.openqa.selenium.remote.RemoteWebDriver.findElement(RemoteWebDriver.java:315)
at org.openqa.selenium.By$BaseW3CLocator.findElement(By.java:399)
at org.openqa.selenium.By$ByXPath.findElement(By.java:279)
at org.openqa.selenium.remote.RemoteWebDriver.findElement(RemoteWebDriver.java:315)
at org.openqa.selenium.By$BaseW3CLocator.findElement(By.java:399)
at org.openqa.selenium.By$ByXPath.findElement(By.java:279)
at org.openqa.selenium.remote.RemoteWebDriver.findElement(RemoteWebDriver.java:315)
at org.openqa.selenium.By$BaseW3CLocator.findElement(By.java:399)
at org.openqa.selenium.By$ByXPath.findElement(By.java:279)
at org.openqa.selenium.remote.RemoteWebDriver.findElement(RemoteWebDriver.java:315)
at org.openqa.selenium.By$BaseW3CLocator.findElement(By.java:399)
at org.openqa.selenium.By$ByXPath.findElement(By.java:279)
at org.openqa.selenium.remote.RemoteWebDriver.findElement(RemoteWebDriver.java:315)
at org.openqa.selenium.By$BaseW3CLocator.findElement(By.java:399)
at org.openqa.selenium.By$ByXPath.findElement(By.java:279)
at org.openqa.selenium.remote.RemoteWebDriver.findElement(RemoteWebDriver.java:315)
at org.openqa.selenium.By$BaseW3CLocator.findElement(By.java:399)
at org.openqa.selenium.By$ByXPath.findElement(By.java:279)
at org.openqa.selenium.remote.RemoteWebDriver.findElement(RemoteWebDriver.java:315)
at org.openqa.selenium.By$BaseW3CLocator.findElement(By.java:399)
at org.openqa.selenium.By$ByXPath.findElement(By.java:279)
at org.openqa.selenium.remote.RemoteWebDriver.findElement(RemoteWebDriver.java:315)
at org.openqa.selenium.By$BaseW3CLocator.findElement(By.java:399)
at org.openqa.selenium.By$ByXPath.findElement(By.java:279)
at org.openqa.selenium.remote.RemoteWebDriver.findElement(RemoteWebDriver.java:315)
at org.openqa.selenium.By$BaseW3CLocator.findElement(By.java:399)
at org.openqa.selenium.By$ByXPath.findElement(By.java:279)
at org.openqa.selenium.remote.RemoteWebDriver.findElement(RemoteWebDriver.java:315)
at org.openqa.selenium.By$BaseW3CLocator.findElement(By.java:399)
at org.openqa.selenium.By$ByXPath.findElement(By.java:279)
at org.openqa.selenium.remote.RemoteWebDriver.findElement(RemoteWebDriver.java:315)
at org.openqa.selenium.By$BaseW3CLocator.findElement(By.java:399)
at org.openqa.selenium.By$ByXPath.findElement(By.java:279)
at org.openqa.selenium.remote.RemoteWebDriver.findElement(RemoteWebDriver.java:315)
at org.openqa.selenium.By$BaseW3CLocator.findElement(By.java:399)
at org.openqa.selenium.By$ByXPath.findElement(By.java:279)
at org.openqa.selenium.remote.RemoteWebDriver.findElement(RemoteWebDriver.java:315)
at org.openqa.selenium.By$BaseW3CLocator.findElement(By.java:399)
at org.openqa.selenium.By$ByXPath.findElement(By.java:279)
at org.openqa.selenium.remote.RemoteWebDriver.findElement(RemoteWebDriver.java:315)
at org.openqa.selenium.By$BaseW3CLocator.findElement(By.java:399)
at org.openqa.selenium.By$ByXPath.findElement(By.java:279)
at org.openqa.selenium.remote.RemoteWebDriver.findElement(RemoteWebDriver.java:315)
at org.openqa.selenium.By$BaseW3CLocator.findElement(By.java:399)
at org.openqa.selenium.By$ByXPath.findElement(By.java:279)
at org.openqa.selenium.remote.RemoteWebDriver.findElement(RemoteWebDriver.java:315)
at org.openqa.selenium.By$BaseW3CLocator.findElement(By.java:399)
at org.openqa.selenium.By$ByXPath.findElement(By.java:279)
at org.openqa.selenium.remote.RemoteWebDriver.findElement(RemoteWebDriver.java:315)
at org.openqa.selenium.By$BaseW3CLocator.findElement(By.java:399)
at org.openqa.selenium.By$ByXPath.findElement(By.java:279)
at org.openqa.selenium.remote.RemoteWebDriver.findElement(RemoteWebDriver.java:315)
at org.openqa.selenium.By$BaseW3CLocator.findElement(By.java:399)
at org.openqa.selenium.By$ByXPath.findElement(By.java:279)
at org.openqa.selenium.remote.RemoteWebDriver.findElement(RemoteWebDriver.java:315)
at org.openqa.selenium.By$BaseW3CLocator.findElement(By.java:399)
at org.openqa.selenium.By$ByXPath.findElement(By.java:279)
at org.openqa.selenium.remote.RemoteWebDriver.findElement(RemoteWebDriver.java:315)
at org.openqa.selenium.By$BaseW3CLocator.findElement(By.java:399)
at org.openqa.selenium.By$ByXPath.findElement(By.java:279)
at org.openqa.selenium.remote.RemoteWebDriver.findElement(RemoteWebDriver.java:315)
at org.openqa.selenium.By$BaseW3CLocator.findElement(By.java:399)
at org.openqa.selenium.By$ByXPath.findElement(By.java:279)
at org.openqa.selenium.remote.RemoteWebDriver.findElement(RemoteWebDriver.java:315)
at org.openqa.selenium.By$BaseW3CLocator.findElement(By.java:399)
at org.openqa.selenium.By$ByXPath.findElement(By.java:279)
at org.openqa.selenium.remote.RemoteWebDriver.findElement(RemoteWebDriver.java:315)
at org.openqa.selenium.By$BaseW3CLocator.findElement(By.java:399)
at org.openqa.selenium.By$ByXPath.findElement(By.java:279)
at org.openqa.selenium.remote.RemoteWebDriver.findElement(RemoteWebDriver.java:315)
at org.openqa.selenium.By$BaseW3CLocator.findElement(By.java:399)
at org.openqa.selenium.By$ByXPath.findElement(By.java:279)
at org.openqa.selenium.remote.RemoteWebDriver.findElement(RemoteWebDriver.java:315)
at org.openqa.selenium.By$BaseW3CLocator.findElement(By.java:399)
at org.openqa.selenium.By$ByXPath.findElement(By.java:279)
at org.openqa.selenium.remote.RemoteWebDriver.findElement(RemoteWebDriver.java:315)
at org.openqa.selenium.By$BaseW3CLocator.findElement(By.java:399)
at org.openqa.selenium.By$ByXPath.findElement(By.java:279)
at org.openqa.selenium.remote.RemoteWebDriver.findElement(RemoteWebDriver.java:315)
at org.openqa.selenium.By$BaseW3CLocator.findElement(By.java:399)
at org.openqa.selenium.By$ByXPath.findElement(By.java:279)
at org.openqa.selenium.remote.RemoteWebDriver.findElement(RemoteWebDriver.java:315)
at org.openqa.selenium.By$BaseW3CLocator.findElement(By.java:399)
at org.openqa.selenium.By$ByXPath.findElement(By.java:279)
at org.openqa.selenium.remote.RemoteWebDriver.findElement(RemoteWebDriver.java:315)
at org.openqa.selenium.By$BaseW3CLocator.findElement(By.java:399)
at org.openqa.selenium.By$ByXPath.findElement(By.java:279)
at org.openqa.selenium.remote.RemoteWebDriver.findElement(RemoteWebDriver.java:315)
at org.openqa.selenium.By$BaseW3CLocator.findElement(By.java:399)
at org.openqa.selenium.By$ByXPath.findElement(By.java:279)
at org.openqa.selenium.remote.RemoteWebDriver.findElement(RemoteWebDriver.java:315)
at org.openqa.selenium.By$BaseW3CLocator.findElement(By.java:399)
at org.openqa.selenium.By$ByXPath.findElement(By.java:279)
at org.openqa.selenium.remote.RemoteWebDriver.findElement(RemoteWebDriver.java:315)
at org.openqa.selenium.By$BaseW3CLocator.findElement(By.java:399)
at org.openqa.selenium.By$ByXPath.findElement(By.java:279)
at org.openqa.selenium.remote.RemoteWebDriver.findElement(RemoteWebDriver.java:315)
at org.openqa.selenium.By$BaseW3CLocator.findElement(By.java:399)
at org.openqa.selenium.By$ByXPath.findElement(By.java:279)
at org.openqa.selenium.remote.RemoteWebDriver.findElement(RemoteWebDriver.java:315)
at org.openqa.selenium.By$BaseW3CLocator.findElement(By.java:399)
at org.openqa.selenium.By$ByXPath.findElement(By.java:279)
at org.openqa.selenium.remote.RemoteWebDriver.findElement(RemoteWebDriver.java:315)
at org.openqa.selenium.By$BaseW3CLocator.findElement(By.java:399)
at org.openqa.selenium.By$ByXPath.findElement(By.java:279)
at org.openqa.selenium.remote.RemoteWebDriver.findElement(RemoteWebDriver.java:315)
at org.openqa.selenium.By$BaseW3CLocator.findElement(By.java:399)
at org.openqa.selenium.By$ByXPath.findElement(By.java:279)
at org.openqa.selenium.remote.RemoteWebDriver.findElement(RemoteWebDriver.java:315)
at org.openqa.selenium.By$BaseW3CLocator.findElement(By.java:399)
at org.openqa.selenium.By$ByXPath.findElement(By.java:279)
at org.openqa.selenium.remote.RemoteWebDriver.findElement(RemoteWebDriver.java:315)
at org.openqa.selenium.By$BaseW3CLocator.findElement(By.java:399)
at org.openqa.selenium.By$ByXPath.findElement(By.java:279)
at org.openqa.selenium.remote.RemoteWebDriver.findElement(RemoteWebDriver.java:315)
at org.openqa.selenium.By$BaseW3CLocator.findElement(By.java:399)
at org.openqa.selenium.By$ByXPath.findElement(By.java:279)
at org.openqa.selenium.remote.RemoteWebDriver.findElement(RemoteWebDriver.java:315)
at org.openqa.selenium.By$BaseW3CLocator.findElement(By.java:399)
at org.openqa.selenium.By$ByXPath.findElement(By.java:279)
at org.openqa.selenium.remote.RemoteWebDriver.findElement(RemoteWebDriver.java:315)
at org.openqa.selenium.By$BaseW3CLocator.findElement(By.java:399)
at org.openqa.selenium.By$ByXPath.findElement(By.java:279)
at org.openqa.selenium.remote.RemoteWebDriver.findElement(RemoteWebDriver.java:315)
at org.openqa.selenium.By$BaseW3CLocator.findElement(By.java:399)
at org.openqa.selenium.By$ByXPath.findElement(By.java:279)
at org.openqa.selenium.remote.RemoteWebDriver.findElement(RemoteWebDriver.java:315)
at org.openqa.selenium.By$BaseW3CLocator.findElement(By.java:399)
at org.openqa.selenium.By$ByXPath.findElement(By.java:279)
at org.openqa.selenium.remote.RemoteWebDriver.findElement(RemoteWebDriver.java:315)
at org.openqa.selenium.By$BaseW3CLocator.findElement(By.java:399)
at org.openqa.selenium.By$ByXPath.findElement(By.java:279)
at org.openqa.selenium.remote.RemoteWebDriver.findElement(RemoteWebDriver.java:315)
at org.openqa.selenium.By$BaseW3CLocator.findElement(By.java:399)
at org.openqa.selenium.By$ByXPath.findElement(By.java:279)
at org.openqa.selenium.remote.RemoteWebDriver.findElement(RemoteWebDriver.java:315)
at org.openqa.selenium.By$BaseW3CLocator.findElement(By.java:399)
at org.openqa.selenium.By$ByXPath.findElement(By.java:279)
at org.openqa.selenium.remote.RemoteWebDriver.findElement(RemoteWebDriver.java:315)
at org.openqa.selenium.By$BaseW3CLocator.findElement(By.java:399)
at org.openqa.selenium.By$ByXPath.findElement(By.java:279)
at org.openqa.selenium.remote.RemoteWebDriver.findElement(RemoteWebDriver.java:315)
at org.openqa.selenium.By$BaseW3CLocator.findElement(By.java:399)
at org.openqa.selenium.By$ByXPath.findElement(By.java:279)
at org.openqa.selenium.remote.RemoteWebDriver.findElement(RemoteWebDriver.java:315)
at org.openqa.selenium.By$BaseW3CLocator.findElement(By.java:399)
at org.openqa.selenium.By$ByXPath.findElement(By.java:279)
at org.openqa.selenium.remote.RemoteWebDriver.findElement(RemoteWebDriver.java:315)
at org.openqa.selenium.By$BaseW3CLocator.findElement(By.java:399)
at org.openqa.selenium.By$ByXPath.findElement(By.java:279)
at org.openqa.selenium.remote.RemoteWebDriver.findElement(RemoteWebDriver.java:315)
at org.openqa.selenium.By$BaseW3CLocator.findElement(By.java:399)
at org.openqa.selenium.By$ByXPath.findElement(By.java:279)
at org.openqa.selenium.remote.RemoteWebDriver.findElement(RemoteWebDriver.java:315)
at org.openqa.selenium.By$BaseW3CLocator.findElement(By.java:399)
at org.openqa.selenium.By$ByXPath.findElement(By.java:279)
at org.openqa.selenium.remote.RemoteWebDriver.findElement(RemoteWebDriver.java:315)
at org.openqa.selenium.By$BaseW3CLocator.findElement(By.java:399)
at org.openqa.selenium.By$ByXPath.findElement(By.java:279)
at org.openqa.selenium.remote.RemoteWebDriver.findElement(RemoteWebDriver.java:315)
at org.openqa.selenium.By$BaseW3CLocator.findElement(By.java:399)
at org.openqa.selenium.By$ByXPath.findElement(By.java:279)
at org.openqa.selenium.remote.RemoteWebDriver.findElement(RemoteWebDriver.java:315)
at org.openqa.selenium.By$BaseW3CLocator.findElement(By.java:399)
at org.openqa.selenium.By$ByXPath.findElement(By.java:279)
at org.openqa.selenium.remote.RemoteWebDriver.findElement(RemoteWebDriver.java:315)
at org.openqa.selenium.By$BaseW3CLocator.findElement(By.java:399)
at org.openqa.selenium.By$ByXPath.findElement(By.java:279)
at org.openqa.selenium.remote.RemoteWebDriver.findElement(RemoteWebDriver.java:315)
at org.openqa.selenium.By$BaseW3CLocator.findElement(By.java:399)
at org.openqa.selenium.By$ByXPath.findElement(By.java:279)
at org.openqa.selenium.remote.RemoteWebDriver.findElement(RemoteWebDriver.java:315)
at org.openqa.selenium.By$BaseW3CLocator.findElement(By.java:399)
at org.openqa.selenium.By$ByXPath.findElement(By.java:279)
at org.openqa.selenium.remote.RemoteWebDriver.findElement(RemoteWebDriver.java:315)
at org.openqa.selenium.By$BaseW3CLocator.findElement(By.java:399)
at org.openqa.selenium.By$ByXPath.findElement(By.java:279)
at org.openqa.selenium.remote.RemoteWebDriver.findElement(RemoteWebDriver.java:315)
at org.openqa.selenium.By$BaseW3CLocator.findElement(By.java:399)
at org.openqa.selenium.By$ByXPath.findElement(By.java:279)
at org.openqa.selenium.remote.RemoteWebDriver.findElement(RemoteWebDriver.java:315)
at org.openqa.selenium.By$BaseW3CLocator.findElement(By.java:399)
at org.openqa.selenium.By$ByXPath.findElement(By.java:279)
at org.openqa.selenium.remote.RemoteWebDriver.findElement(RemoteWebDriver.java:315)
at org.openqa.selenium.By$BaseW3CLocator.findElement(By.java:399)
at org.openqa.selenium.By$ByXPath.findElement(By.java:279)
at org.openqa.selenium.remote.RemoteWebDriver.findElement(RemoteWebDriver.java:315)
at org.openqa.selenium.By$BaseW3CLocator.findElement(By.java:399)
at org.openqa.selenium.By$ByXPath.findElement(By.java:279)
at org.openqa.selenium.remote.RemoteWebDriver.findElement(RemoteWebDriver.java:315)
at org.openqa.selenium.By$BaseW3CLocator.findElement(By.java:399)
at org.openqa.selenium.By$ByXPath.findElement(By.java:279)
at org.openqa.selenium.remote.RemoteWebDriver.findElement(RemoteWebDriver.java:315)
at org.openqa.selenium.By$BaseW3CLocator.findElement(By.java:399)
at org.openqa.selenium.By$ByXPath.findElement(By.java:279)
at org.openqa.selenium.remote.RemoteWebDriver.findElement(RemoteWebDriver.java:315)
at org.openqa.selenium.By$BaseW3CLocator.findElement(By.java:399)
at org.openqa.selenium.By$ByXPath.findElement(By.java:279)
at org.openqa.selenium.remote.RemoteWebDriver.findElement(RemoteWebDriver.java:315)
at org.openqa.selenium.By$BaseW3CLocator.findElement(By.java:399)
at org.openqa.selenium.By$ByXPath.findElement(By.java:279)
at org.openqa.selenium.remote.RemoteWebDriver.findElement(RemoteWebDriver.java:315)
at org.openqa.selenium.By$BaseW3CLocator.findElement(By.java:399)
at org.openqa.selenium.By$ByXPath.findElement(By.java:279)
at org.openqa.selenium.remote.RemoteWebDriver.findElement(RemoteWebDriver.java:315)
at org.openqa.selenium.By$BaseW3CLocator.findElement(By.java:399)
at org.openqa.selenium.By$ByXPath.findElement(By.java:279)
at org.openqa.selenium.remote.RemoteWebDriver.findElement(RemoteWebDriver.java:315)
at org.openqa.selenium.By$BaseW3CLocator.findElement(By.java:399)
at org.openqa.selenium.By$ByXPath.findElement(By.java:279)
at org.openqa.selenium.remote.RemoteWebDriver.findElement(RemoteWebDriver.java:315)
at org.openqa.selenium.By$BaseW3CLocator.findElement(By.java:399)
at org.openqa.selenium.By$ByXPath.findElement(By.java:279)
at org.openqa.selenium.remote.RemoteWebDriver.findElement(RemoteWebDriver.java:315)
at org.openqa.selenium.By$BaseW3CLocator.findElement(By.java:399)
at org.openqa.selenium.By$ByXPath.findElement(By.java:279)
at org.openqa.selenium.remote.RemoteWebDriver.findElement(RemoteWebDriver.java:315)
at org.openqa.selenium.By$BaseW3CLocator.findElement(By.java:399)
at org.openqa.selenium.By$ByXPath.findElement(By.java:279)
at org.openqa.selenium.remote.RemoteWebDriver.findElement(RemoteWebDriver.java:315)
at org.openqa.selenium.By$BaseW3CLocator.findElement(By.java:399)
at org.openqa.selenium.By$ByXPath.findElement(By.java:279)
at org.openqa.selenium.remote.RemoteWebDriver.findElement(RemoteWebDriver.java:315)
at org.openqa.selenium.By$BaseW3CLocator.findElement(By.java:399)
at org.openqa.selenium.By$ByXPath.findElement(By.java:279)
at org.openqa.selenium.remote.RemoteWebDriver.findElement(RemoteWebDriver.java:315)
at org.openqa.selenium.By$BaseW3CLocator.findElement(By.java:399)
at org.openqa.selenium.By$ByXPath.findElement(By.java:279)
at org.openqa.selenium.remote.RemoteWebDriver.findElement(RemoteWebDriver.java:315)
at org.openqa.selenium.By$BaseW3CLocator.findElement(By.java:399)
at org.openqa.selenium.By$ByXPath.findElement(By.java:279)
at org.openqa.selenium.remote.RemoteWebDriver.findElement(RemoteWebDriver.java:315)
at org.openqa.selenium.By$BaseW3CLocator.findElement(By.java:399)
at org.openqa.selenium.By$ByXPath.findElement(By.java:279)
at org.openqa.selenium.remote.RemoteWebDriver.findElement(RemoteWebDriver.java:315)
at org.openqa.selenium.By$BaseW3CLocator.findElement(By.java:399)
at org.openqa.selenium.By$ByXPath.findElement(By.java:279)
at org.openqa.selenium.remote.RemoteWebDriver.findElement(RemoteWebDriver.java:315)
at org.openqa.selenium.By$BaseW3CLocator.findElement(By.java:399)
at org.openqa.selenium.By$ByXPath.findElement(By.java:279)
at org.openqa.selenium.remote.RemoteWebDriver.findElement(RemoteWebDriver.java:315)
at org.openqa.selenium.By$BaseW3CLocator.findElement(By.java:399)
at org.openqa.selenium.By$ByXPath.findElement(By.java:279)
at org.openqa.selenium.remote.RemoteWebDriver.findElement(RemoteWebDriver.java:315)
at org.openqa.selenium.By$BaseW3CLocator.findElement(By.java:399)
at org.openqa.selenium.By$ByXPath.findElement(By.java:279)
at org.openqa.selenium.remote.RemoteWebDriver.findElement(RemoteWebDriver.java:315)
at org.openqa.selenium.By$BaseW3CLocator.findElement(By.java:399)
at org.openqa.selenium.By$ByXPath.findElement(By.java:279)
at org.openqa.selenium.remote.RemoteWebDriver.findElement(RemoteWebDriver.java:315)
at org.openqa.selenium.By$BaseW3CLocator.findElement(By.java:399)
at org.openqa.selenium.By$ByXPath.findElement(By.java:279)
at org.openqa.selenium.remote.RemoteWebDriver.findElement(RemoteWebDriver.java:315)
at org.openqa.selenium.By$BaseW3CLocator.findElement(By.java:399)
at org.openqa.selenium.By$ByXPath.findElement(By.java:279)
at org.openqa.selenium.remote.RemoteWebDriver.findElement(RemoteWebDriver.java:315)
at org.openqa.selenium.By$BaseW3CLocator.findElement(By.java:399)
at org.openqa.selenium.By$ByXPath.findElement(By.java:279)
at org.openqa.selenium.remote.RemoteWebDriver.findElement(RemoteWebDriver.java:315)
at org.openqa.selenium.By$BaseW3CLocator.findElement(By.java:399)
at org.openqa.selenium.By$ByXPath.findElement(By.java:279)
at org.openqa.selenium.remote.RemoteWebDriver.findElement(RemoteWebDriver.java:315)
at org.openqa.selenium.By$BaseW3CLocator.findElement(By.java:399)
at org.openqa.selenium.By$ByXPath.findElement(By.java:279)
at org.openqa.selenium.remote.RemoteWebDriver.findElement(RemoteWebDriver.java:315)
at org.openqa.selenium.By$BaseW3CLocator.findElement(By.java:399)
at org.openqa.selenium.By$ByXPath.findElement(By.java:279)
at org.openqa.selenium.remote.RemoteWebDriver.findElement(RemoteWebDriver.java:315)
at org.openqa.selenium.By$BaseW3CLocator.findElement(By.java:399)
at org.openqa.selenium.By$ByXPath.findElement(By.java:279)
at org.openqa.selenium.remote.RemoteWebDriver.findElement(RemoteWebDriver.java:315)
at org.openqa.selenium.By$BaseW3CLocator.findElement(By.java:399)
at org.openqa.selenium.By$ByXPath.findElement(By.java:279)
at org.openqa.selenium.remote.RemoteWebDriver.findElement(RemoteWebDriver.java:315)
at org.openqa.selenium.By$BaseW3CLocator.findElement(By.java:399)
at org.openqa.selenium.By$ByXPath.findElement(By.java:279)
at org.openqa.selenium.remote.RemoteWebDriver.findElement(RemoteWebDriver.java:315)
at org.openqa.selenium.By$BaseW3CLocator.findElement(By.java:399)
at org.openqa.selenium.By$ByXPath.findElement(By.java:279)
at org.openqa.selenium.remote.RemoteWebDriver.findElement(RemoteWebDriver.java:315)
at org.openqa.selenium.By$BaseW3CLocator.findElement(By.java:399)
at org.openqa.selenium.By$ByXPath.findElement(By.java:279)
at org.openqa.selenium.remote.RemoteWebDriver.findElement(RemoteWebDriver.java:315)
at org.openqa.selenium.By$BaseW3CLocator.findElement(By.java:399)
at org.openqa.selenium.By$ByXPath.findElement(By.java:279)
at org.openqa.selenium.remote.RemoteWebDriver.findElement(RemoteWebDriver.java:315)
at org.openqa.selenium.By$BaseW3CLocator.findElement(By.java:399)
at org.openqa.selenium.By$ByXPath.findElement(By.java:279)
at org.openqa.selenium.remote.RemoteWebDriver.findElement(RemoteWebDriver.java:315)
at org.openqa.selenium.By$BaseW3CLocator.findElement(By.java:399)
at org.openqa.selenium.By$ByXPath.findElement(By.java:279)
at org.openqa.selenium.remote.RemoteWebDriver.findElement(RemoteWebDriver.java:315)
at org.openqa.selenium.By$BaseW3CLocator.findElement(By.java:399)
at org.openqa.selenium.By$ByXPath.findElement(By.java:279)
at org.openqa.selenium.remote.RemoteWebDriver.findElement(RemoteWebDriver.java:315)
at org.openqa.selenium.By$BaseW3CLocator.findElement(By.java:399)
at org.openqa.selenium.By$ByXPath.findElement(By.java:279)
at org.openqa.selenium.remote.RemoteWebDriver.findElement(RemoteWebDriver.java:315)
at org.openqa.selenium.By$BaseW3CLocator.findElement(By.java:399)
at org.openqa.selenium.By$ByXPath.findElement(By.java:279)
at org.openqa.selenium.remote.RemoteWebDriver.findElement(RemoteWebDriver.java:315)
at org.openqa.selenium.By$BaseW3CLocator.findElement(By.java:399)
at org.openqa.selenium.By$ByXPath.findElement(By.java:279)
at org.openqa.selenium.remote.RemoteWebDriver.findElement(RemoteWebDriver.java:315)
at org.openqa.selenium.By$BaseW3CLocator.findElement(By.java:399)
at org.openqa.selenium.By$ByXPath.findElement(By.java:279)
at org.openqa.selenium.remote.RemoteWebDriver.findElement(RemoteWebDriver.java:315)
at org.openqa.selenium.By$BaseW3CLocator.findElement(By.java:399)
at org.openqa.selenium.By$ByXPath.findElement(By.java:279)
at org.openqa.selenium.remote.RemoteWebDriver.findElement(RemoteWebDriver.java:315)
at org.openqa.selenium.By$BaseW3CLocator.findElement(By.java:399)
at org.openqa.selenium.By$ByXPath.findElement(By.java:279)
at org.openqa.selenium.remote.RemoteWebDriver.findElement(RemoteWebDriver.java:315)
at org.openqa.selenium.By$BaseW3CLocator.findElement(By.java:399)
at org.openqa.selenium.By$ByXPath.findElement(By.java:279)
at org.openqa.selenium.remote.RemoteWebDriver.findElement(RemoteWebDriver.java:315)
at org.openqa.selenium.By$BaseW3CLocator.findElement(By.java:399)
at org.openqa.selenium.By$ByXPath.findElement(By.java:279)
at org.openqa.selenium.remote.RemoteWebDriver.findElement(RemoteWebDriver.java:315)
at org.openqa.selenium.By$BaseW3CLocator.findElement(By.java:399)
at org.openqa.selenium.By$ByXPath.findElement(By.java:279)
at org.openqa.selenium.remote.RemoteWebDriver.findElement(RemoteWebDriver.java:315)
at org.openqa.selenium.By$BaseW3CLocator.findElement(By.java:399)
at org.openqa.selenium.By$ByXPath.findElement(By.java:279)
at org.openqa.selenium.remote.RemoteWebDriver.findElement(RemoteWebDriver.java:315)
at org.openqa.selenium.By$BaseW3CLocator.findElement(By.java:399)
at org.openqa.selenium.By$ByXPath.findElement(By.java:279)
at org.openqa.selenium.remote.RemoteWebDriver.findElement(RemoteWebDriver.java:315)
at org.openqa.selenium.By$BaseW3CLocator.findElement(By.java:399)
at org.openqa.selenium.By$ByXPath.findElement(By.java:279)
at org.openqa.selenium.remote.RemoteWebDriver.findElement(RemoteWebDriver.java:315)
at org.openqa.selenium.By$BaseW3CLocator.findElement(By.java:399)
at org.openqa.selenium.By$ByXPath.findElement(By.java:279)
at org.openqa.selenium.remote.RemoteWebDriver.findElement(RemoteWebDriver.java:315)
at org.openqa.selenium.By$BaseW3CLocator.findElement(By.java:399)
at org.openqa.selenium.By$ByXPath.findElement(By.java:279)
at org.openqa.selenium.remote.RemoteWebDriver.findElement(RemoteWebDriver.java:315)
at org.openqa.selenium.By$BaseW3CLocator.findElement(By.java:399)
at org.openqa.selenium.By$ByXPath.findElement(By.java:279)
at org.openqa.selenium.remote.RemoteWebDriver.findElement(RemoteWebDriver.java:315)
at org.openqa.selenium.By$BaseW3CLocator.findElement(By.java:399)
at org.openqa.selenium.By$ByXPath.findElement(By.java:279)
at org.openqa.selenium.remote.RemoteWebDriver.findElement(RemoteWebDriver.java:315)
at org.openqa.selenium.By$BaseW3CLocator.findElement(By.java:399)
at org.openqa.selenium.By$ByXPath.findElement(By.java:279)
at org.openqa.selenium.remote.RemoteWebDriver.findElement(RemoteWebDriver.java:315)
at org.openqa.selenium.By$BaseW3CLocator.findElement(By.java:399)
at org.openqa.selenium.By$ByXPath.findElement(By.java:279)
at org.openqa.selenium.remote.RemoteWebDriver.findElement(RemoteWebDriver.java:315)
at org.openqa.selenium.By$BaseW3CLocator.findElement(By.java:399)
at org.openqa.selenium.By$ByXPath.findElement(By.java:279)
at org.openqa.selenium.remote.RemoteWebDriver.findElement(RemoteWebDriver.java:315)
at org.openqa.selenium.By$BaseW3CLocator.findElement(By.java:399)
at org.openqa.selenium.By$ByXPath.findElement(By.java:279)
at org.openqa.selenium.remote.RemoteWebDriver.findElement(RemoteWebDriver.java:315)
at org.openqa.selenium.By$BaseW3CLocator.findElement(By.java:399)
at org.openqa.selenium.By$ByXPath.findElement(By.java:279)
at org.openqa.selenium.remote.RemoteWebDriver.findElement(RemoteWebDriver.java:315)
at org.openqa.selenium.By$BaseW3CLocator.findElement(By.java:399)
at org.openqa.selenium.By$ByXPath.findElement(By.java:279)
at org.openqa.selenium.remote.RemoteWebDriver.findElement(RemoteWebDriver.java:315)
at org.openqa.selenium.By$BaseW3CLocator.findElement(By.java:399)
at org.openqa.selenium.By$ByXPath.findElement(By.java:279)
at org.openqa.selenium.remote.RemoteWebDriver.findElement(RemoteWebDriver.java:315)
at org.openqa.selenium.By$BaseW3CLocator.findElement(By.java:399)
at org.openqa.selenium.By$ByXPath.findElement(By.java:279)
at org.openqa.selenium.remote.RemoteWebDriver.findElement(RemoteWebDriver.java:315)
at org.openqa.selenium.By$BaseW3CLocator.findElement(By.java:399)
at org.openqa.selenium.By$ByXPath.findElement(By.java:279)
at org.openqa.selenium.remote.RemoteWebDriver.findElement(RemoteWebDriver.java:315)
at org.openqa.selenium.By$BaseW3CLocator.findElement(By.java:399)
at org.openqa.selenium.By$ByXPath.findElement(By.java:279)
at org.openqa.selenium.remote.RemoteWebDriver.findElement(RemoteWebDriver.java:315)
at org.openqa.selenium.By$BaseW3CLocator.findElement(By.java:399)
at org.openqa.selenium.By$ByXPath.findElement(By.java:279)
at org.openqa.selenium.remote.RemoteWebDriver.findElement(RemoteWebDriver.java:315)
at org.openqa.selenium.By$BaseW3CLocator.findElement(By.java:399)
at org.openqa.selenium.By$ByXPath.findElement(By.java:279)
at org.openqa.selenium.remote.RemoteWebDriver.findElement(RemoteWebDriver.java:315)
at org.openqa.selenium.By$BaseW3CLocator.findElement(By.java:399)
at org.openqa.selenium.By$ByXPath.findElement(By.java:279)
at org.openqa.selenium.remote.RemoteWebDriver.findElement(RemoteWebDriver.java:315)
at org.openqa.selenium.By$BaseW3CLocator.findElement(By.java:399)
at org.openqa.selenium.By$ByXPath.findElement(By.java:279)
at org.openqa.selenium.remote.RemoteWebDriver.findElement(RemoteWebDriver.java:315)
at org.openqa.selenium.By$BaseW3CLocator.findElement(By.java:399)
at org.openqa.selenium.By$ByXPath.findElement(By.java:279)
at org.openqa.selenium.remote.RemoteWebDriver.findElement(RemoteWebDriver.java:315)
at org.openqa.selenium.By$BaseW3CLocator.findElement(By.java:399)
at org.openqa.selenium.By$ByXPath.findElement(By.java:279)
at org.openqa.selenium.remote.RemoteWebDriver.findElement(RemoteWebDriver.java:315)
at org.openqa.selenium.By$BaseW3CLocator.findElement(By.java:399)
at org.openqa.selenium.By$ByXPath.findElement(By.java:279)
at org.openqa.selenium.remote.RemoteWebDriver.findElement(RemoteWebDriver.java:315)
at org.openqa.selenium.By$BaseW3CLocator.findElement(By.java:399)
at org.openqa.selenium.By$ByXPath.findElement(By.java:279)
at org.openqa.selenium.remote.RemoteWebDriver.findElement(RemoteWebDriver.java:315)
at org.openqa.selenium.By$BaseW3CLocator.findElement(By.java:399)
at org.openqa.selenium.By$ByXPath.findElement(By.java:279)
at org.openqa.selenium.remote.RemoteWebDriver.findElement(RemoteWebDriver.java:315)
at org.openqa.selenium.By$BaseW3CLocator.findElement(By.java:399)
at org.openqa.selenium.By$ByXPath.findElement(By.java:279)
at org.openqa.selenium.remote.RemoteWebDriver.findElement(RemoteWebDriver.java:315)
at org.openqa.selenium.By$BaseW3CLocator.findElement(By.java:399)
at org.openqa.selenium.By$ByXPath.findElement(By.java:279)
at org.openqa.selenium.remote.RemoteWebDriver.findElement(RemoteWebDriver.java:315)
at org.openqa.selenium.By$BaseW3CLocator.findElement(By.java:399)
at org.openqa.selenium.By$ByXPath.findElement(By.java:279)
at org.openqa.selenium.remote.RemoteWebDriver.findElement(RemoteWebDriver.java:315)
at org.openqa.selenium.By$BaseW3CLocator.findElement(By.java:399)
at org.openqa.selenium.By$ByXPath.findElement(By.java:279)
at org.openqa.selenium.remote.RemoteWebDriver.findElement(RemoteWebDriver.java:315)
at org.openqa.selenium.By$BaseW3CLocator.findElement(By.java:399)
at org.openqa.selenium.By$ByXPath.findElement(By.java:279)
at org.openqa.selenium.remote.RemoteWebDriver.findElement(RemoteWebDriver.java:315)
at org.openqa.selenium.By$BaseW3CLocator.findElement(By.java:399)
at org.openqa.selenium.By$ByXPath.findElement(By.java:279)
at org.openqa.selenium.remote.RemoteWebDriver.findElement(RemoteWebDriver.java:315)
at org.openqa.selenium.By$BaseW3CLocator.findElement(By.java:399)
at org.openqa.selenium.By$ByXPath.findElement(By.java:279)
at org.openqa.selenium.remote.RemoteWebDriver.findElement(RemoteWebDriver.java:315)
at org.openqa.selenium.By$BaseW3CLocator.findElement(By.java:399)
at org.openqa.selenium.By$ByXPath.findElement(By.java:279)
at org.openqa.selenium.remote.RemoteWebDriver.findElement(RemoteWebDriver.java:315)
at org.openqa.selenium.By$BaseW3CLocator.findElement(By.java:399)
at org.openqa.selenium.By$ByXPath.findElement(By.java:279)
at org.openqa.selenium.remote.RemoteWebDriver.findElement(RemoteWebDriver.java:315)
at org.openqa.selenium.By$BaseW3CLocator.findElement(By.java:399)
at org.openqa.selenium.By$ByXPath.findElement(By.java:279)
at org.openqa.selenium.remote.RemoteWebDriver.findElement(RemoteWebDriver.java:315)
at org.openqa.selenium.By$BaseW3CLocator.findElement(By.java:399)
at org.openqa.selenium.By$ByXPath.findElement(By.java:279)
at org.openqa.selenium.remote.RemoteWebDriver.findElement(RemoteWebDriver.java:315)
at org.openqa.selenium.By$BaseW3CLocator.findElement(By.java:399)
at org.openqa.selenium.By$ByXPath.findElement(By.java:279)
at org.openqa.selenium.remote.RemoteWebDriver.findElement(RemoteWebDriver.java:315)
at org.openqa.selenium.By$BaseW3CLocator.findElement(By.java:399)
at org.openqa.selenium.By$ByXPath.findElement(By.java:279)
at org.openqa.selenium.remote.RemoteWebDriver.findElement(RemoteWebDriver.java:315)
at org.openqa.selenium.By$BaseW3CLocator.findElement(By.java:399)
at org.openqa.selenium.By$ByXPath.findElement(By.java:279)
at org.openqa.selenium.remote.RemoteWebDriver.findElement(RemoteWebDriver.java:315)
at org.openqa.selenium.By$BaseW3CLocator.findElement(By.java:399)
at org.openqa.selenium.By$ByXPath.findElement(By.java:279)
at org.openqa.selenium.remote.RemoteWebDriver.findElement(RemoteWebDriver.java:315)
at org.openqa.selenium.By$BaseW3CLocator.findElement(By.java:399)
at org.openqa.selenium.By$ByXPath.findElement(By.java:279)
at org.openqa.selenium.remote.RemoteWebDriver.findElement(RemoteWebDriver.java:315)
at org.openqa.selenium.By$BaseW3CLocator.findElement(By.java:399)
at org.openqa.selenium.By$ByXPath.findElement(By.java:279)
at org.openqa.selenium.remote.RemoteWebDriver.findElement(RemoteWebDriver.java:315)
at org.openqa.selenium.By$BaseW3CLocator.findElement(By.java:399)
at org.openqa.selenium.By$ByXPath.findElement(By.java:279)
at org.openqa.selenium.remote.RemoteWebDriver.findElement(RemoteWebDriver.java:315)
at org.openqa.selenium.By$BaseW3CLocator.findElement(By.java:399)
at org.openqa.selenium.By$ByXPath.findElement(By.java:279)
at org.openqa.selenium.remote.RemoteWebDriver.findElement(RemoteWebDriver.java:315)
at org.openqa.selenium.By$BaseW3CLocator.findElement(By.java:399)
at org.openqa.selenium.By$ByXPath.findElement(By.java:279)
at org.openqa.selenium.remote.RemoteWebDriver.findElement(RemoteWebDriver.java:315)
at org.openqa.selenium.By$BaseW3CLocator.findElement(By.java:399)
at org.openqa.selenium.By$ByXPath.findElement(By.java:279)
at org.openqa.selenium.remote.RemoteWebDriver.findElement(RemoteWebDriver.java:315)
at org.openqa.selenium.By$BaseW3CLocator.findElement(By.java:399)
at org.openqa.selenium.By$ByXPath.findElement(By.java:279)
at org.openqa.selenium.remote.RemoteWebDriver.findElement(RemoteWebDriver.java:315)
at org.openqa.selenium.By$BaseW3CLocator.findElement(By.java:399)
at org.openqa.selenium.By$ByXPath.findElement(By.java:279)
at org.openqa.selenium.remote.RemoteWebDriver.findElement(RemoteWebDriver.java:315)
at org.openqa.selenium.By$BaseW3CLocator.findElement(By.java:399)
at org.openqa.selenium.By$ByXPath.findElement(By.java:279)
at org.openqa.selenium.remote.RemoteWebDriver.findElement(RemoteWebDriver.java:315)
at org.openqa.selenium.By$BaseW3CLocator.findElement(By.java:399)
at org.openqa.selenium.By$ByXPath.findElement(By.java:279)
at org.openqa.selenium.remote.RemoteWebDriver.findElement(RemoteWebDriver.java:315)
at org.openqa.selenium.By$BaseW3CLocator.findElement(By.java:399)
at org.openqa.selenium.By$ByXPath.findElement(By.java:279)
at org.openqa.selenium.remote.RemoteWebDriver.findElement(RemoteWebDriver.java:315)
at org.openqa.selenium.By$BaseW3CLocator.findElement(By.java:399)
at org.openqa.selenium.By$ByXPath.findElement(By.java:279)
at org.openqa.selenium.remote.RemoteWebDriver.findElement(RemoteWebDriver.java:315)
at org.openqa.selenium.By$BaseW3CLocator.findElement(By.java:399)
at org.openqa.selenium.By$ByXPath.findElement(By.java:279)
at org.openqa.selenium.remote.RemoteWebDriver.findElement(RemoteWebDriver.java:315)
at org.openqa.selenium.By$BaseW3CLocator.findElement(By.java:399)
at org.openqa.selenium.By$ByXPath.findElement(By.java:279)
at org.openqa.selenium.remote.RemoteWebDriver.findElement(RemoteWebDriver.java:315)
at org.openqa.selenium.By$BaseW3CLocator.findElement(By.java:399)
at org.openqa.selenium.By$ByXPath.findElement(By.java:279)
at org.openqa.selenium.remote.RemoteWebDriver.findElement(RemoteWebDriver.java:315)
at org.openqa.selenium.By$BaseW3CLocator.findElement(By.java:399)
at org.openqa.selenium.By$ByXPath.findElement(By.java:279)
at org.openqa.selenium.remote.RemoteWebDriver.findElement(RemoteWebDriver.java:315)
at org.openqa.selenium.By$BaseW3CLocator.findElement(By.java:399)
at org.openqa.selenium.By$ByXPath.findElement(By.java:279)
at org.openqa.selenium.remote.RemoteWebDriver.findElement(RemoteWebDriver.java:315)
at org.openqa.selenium.By$BaseW3CLocator.findElement(By.java:399)
at org.openqa.selenium.By$ByXPath.findElement(By.java:279)
at org.openqa.selenium.remote.RemoteWebDriver.findElement(RemoteWebDriver.java:315)
at org.openqa.selenium.By$BaseW3CLocator.findElement(By.java:399)
at org.openqa.selenium.By$ByXPath.findElement(By.java:279)
at org.openqa.selenium.remote.RemoteWebDriver.findElement(RemoteWebDriver.java:315)
at org.openqa.selenium.By$BaseW3CLocator.findElement(By.java:399)
at org.openqa.selenium.By$ByXPath.findElement(By.java:279)
at org.openqa.selenium.remote.RemoteWebDriver.findElement(RemoteWebDriver.java:315)
at org.openqa.selenium.By$BaseW3CLocator.findElement(By.java:399)
at org.openqa.selenium.By$ByXPath.findElement(By.java:279)
at org.openqa.selenium.remote.RemoteWebDriver.findElement(RemoteWebDriver.java:315)
at org.openqa.selenium.By$BaseW3CLocator.findElement(By.java:399)
at org.openqa.selenium.By$ByXPath.findElement(By.java:279)
at org.openqa.selenium.remote.RemoteWebDriver.findElement(RemoteWebDriver.java:315)
at org.openqa.selenium.By$BaseW3CLocator.findElement(By.java:399)
at org.openqa.selenium.By$ByXPath.findElement(By.java:279)
at org.openqa.selenium.remote.RemoteWebDriver.findElement(RemoteWebDriver.java:315)
at org.openqa.selenium.By$BaseW3CLocator.findElement(By.java:399)
at org.openqa.selenium.By$ByXPath.findElement(By.java:279)
at org.openqa.selenium.remote.RemoteWebDriver.findElement(RemoteWebDriver.java:315)
at org.openqa.selenium.By$BaseW3CLocator.findElement(By.java:399)
at org.openqa.selenium.By$ByXPath.findElement(By.java:279)
at org.openqa.selenium.remote.RemoteWebDriver.findElement(RemoteWebDriver.java:315)
at org.openqa.selenium.By$BaseW3CLocator.findElement(By.java:399)
at org.openqa.selenium.By$ByXPath.findElement(By.java:279)
at org.openqa.selenium.remote.RemoteWebDriver.findElement(RemoteWebDriver.java:315)
at org.openqa.selenium.By$BaseW3CLocator.findElement(By.java:399)
at org.openqa.selenium.By$ByXPath.findElement(By.java:279)
at org.openqa.selenium.remote.RemoteWebDriver.findElement(RemoteWebDriver.java:315)
at org.openqa.selenium.By$BaseW3CLocator.findElement(By.java:399)
at org.openqa.selenium.By$ByXPath.findElement(By.java:279)
at org.openqa.selenium.remote.RemoteWebDriver.findElement(RemoteWebDriver.java:315)
at org.openqa.selenium.By$BaseW3CLocator.findElement(By.java:399)
at org.openqa.selenium.By$ByXPath.findElement(By.java:279)
at org.openqa.selenium.remote.RemoteWebDriver.findElement(RemoteWebDriver.java:315)
at org.openqa.selenium.By$BaseW3CLocator.findElement(By.java:399)
at org.openqa.selenium.By$ByXPath.findElement(By.java:279)
at org.openqa.selenium.remote.RemoteWebDriver.findElement(RemoteWebDriver.java:315)
at org.openqa.selenium.By$BaseW3CLocator.findElement(By.java:399)
at org.openqa.selenium.By$ByXPath.findElement(By.java:279)
at org.openqa.selenium.remote.RemoteWebDriver.findElement(RemoteWebDriver.java:315)
at org.openqa.selenium.By$BaseW3CLocator.findElement(By.java:399)
at org.openqa.selenium.By$ByXPath.findElement(By.java:279)
at org.openqa.selenium.remote.RemoteWebDriver.findElement(RemoteWebDriver.java:315)
at org.openqa.selenium.By$BaseW3CLocator.findElement(By.java:399)
at org.openqa.selenium.By$ByXPath.findElement(By.java:279)
at org.openqa.selenium.remote.RemoteWebDriver.findElement(RemoteWebDriver.java:315)
at org.openqa.selenium.By$BaseW3CLocator.findElement(By.java:399)
at org.openqa.selenium.By$ByXPath.findElement(By.java:279)
at org.openqa.selenium.remote.RemoteWebDriver.findElement(RemoteWebDriver.java:315)
at org.openqa.selenium.By$BaseW3CLocator.findElement(By.java:399)
at org.openqa.selenium.By$ByXPath.findElement(By.java:279)
at org.openqa.selenium.remote.RemoteWebDriver.findElement(RemoteWebDriver.java:315)
at org.openqa.selenium.By$BaseW3CLocator.findElement(By.java:399)
at org.openqa.selenium.By$ByXPath.findElement(By.java:279)
at org.openqa.selenium.remote.RemoteWebDriver.findElement(RemoteWebDriver.java:315)
at org.openqa.selenium.By$BaseW3CLocator.findElement(By.java:399)
at org.openqa.selenium.By$ByXPath.findElement(By.java:279)
at org.openqa.selenium.remote.RemoteWebDriver.findElement(RemoteWebDriver.java:315)
at org.openqa.selenium.By$BaseW3CLocator.findElement(By.java:399)
at org.openqa.selenium.By$ByXPath.findElement(By.java:279)
at org.openqa.selenium.remote.RemoteWebDriver.findElement(RemoteWebDriver.java:315)
at org.openqa.selenium.By$BaseW3CLocator.findElement(By.java:399)
at org.openqa.selenium.By$ByXPath.findElement(By.java:279)
at org.openqa.selenium.remote.RemoteWebDriver.findElement(RemoteWebDriver.java:315)
at org.openqa.selenium.By$BaseW3CLocator.findElement(By.java:399)
at org.openqa.selenium.By$ByXPath.findElement(By.java:279)
at org.openqa.selenium.remote.RemoteWebDriver.findElement(RemoteWebDriver.java:315)
at org.openqa.selenium.By$BaseW3CLocator.findElement(By.java:399)
at org.openqa.selenium.By$ByXPath.findElement(By.java:279)
at org.openqa.selenium.remote.RemoteWebDriver.findElement(RemoteWebDriver.java:315)
at org.openqa.selenium.By$BaseW3CLocator.findElement(By.java:399)
at org.openqa.selenium.By$ByXPath.findElement(By.java:279)
at org.openqa.selenium.remote.RemoteWebDriver.findElement(RemoteWebDriver.java:315)
at org.openqa.selenium.By$BaseW3CLocator.findElement(By.java:399)
at org.openqa.selenium.By$ByXPath.findElement(By.java:279)
at org.openqa.selenium.remote.RemoteWebDriver.findElement(RemoteWebDriver.java:315)
at org.openqa.selenium.By$BaseW3CLocator.findElement(By.java:399)
at org.openqa.selenium.By$ByXPath.findElement(By.java:279)
at org.openqa.selenium.remote.RemoteWebDriver.findElement(RemoteWebDriver.java:315)
at org.openqa.selenium.By$BaseW3CLocator.findElement(By.java:399)
at org.openqa.selenium.By$ByXPath.findElement(By.java:279)
at org.openqa.selenium.remote.RemoteWebDriver.findElement(RemoteWebDriver.java:315)
at org.openqa.selenium.By$BaseW3CLocator.findElement(By.java:399)
at org.openqa.selenium.By$ByXPath.findElement(By.java:279)
at org.openqa.selenium.remote.RemoteWebDriver.findElement(RemoteWebDriver.java:315)
at org.openqa.selenium.By$BaseW3CLocator.findElement(By.java:399)
at org.openqa.selenium.By$ByXPath.findElement(By.java:279)
at org.openqa.selenium.remote.RemoteWebDriver.findElement(RemoteWebDriver.java:315)
at org.openqa.selenium.By$BaseW3CLocator.findElement(By.java:399)
at org.openqa.selenium.By$ByXPath.findElement(By.java:279)
at org.openqa.selenium.remote.RemoteWebDriver.findElement(RemoteWebDriver.java:315)
at org.openqa.selenium.By$BaseW3CLocator.findElement(By.java:399)
at org.openqa.selenium.By$ByXPath.findElement(By.java:279)
at org.openqa.selenium.remote.RemoteWebDriver.findElement(RemoteWebDriver.java:315)
at org.openqa.selenium.By$BaseW3CLocator.findElement(By.java:399)
at org.openqa.selenium.By$ByXPath.findElement(By.java:279)
at org.openqa.selenium.remote.RemoteWebDriver.findElement(RemoteWebDriver.java:315)
at org.openqa.selenium.By$BaseW3CLocator.findElement(By.java:399)
at org.openqa.selenium.By$ByXPath.findElement(By.java:279)
at org.openqa.selenium.remote.RemoteWebDriver.findElement(RemoteWebDriver.java:315)
at org.openqa.selenium.By$BaseW3CLocator.findElement(By.java:399)
at org.openqa.selenium.By$ByXPath.findElement(By.java:279)
at org.openqa.selenium.remote.RemoteWebDriver.findElement(RemoteWebDriver.java:315)
at org.openqa.selenium.By$BaseW3CLocator.findElement(By.java:399)
at org.openqa.selenium.By$ByXPath.findElement(By.java:279)
at org.openqa.selenium.remote.RemoteWebDriver.findElement(RemoteWebDriver.java:315)
at org.openqa.selenium.By$BaseW3CLocator.findElement(By.java:399)
at org.openqa.selenium.By$ByXPath.findElement(By.java:279)
at org.openqa.selenium.remote.RemoteWebDriver.findElement(RemoteWebDriver.java:315)
at org.openqa.selenium.By$BaseW3CLocator.findElement(By.java:399)
at org.openqa.selenium.By$ByXPath.findElement(By.java:279)
at org.openqa.selenium.remote.RemoteWebDriver.findElement(RemoteWebDriver.java:315)
at org.openqa.selenium.By$BaseW3CLocator.findElement(By.java:399)
at org.openqa.selenium.By$ByXPath.findElement(By.java:279)
at org.openqa.selenium.remote.RemoteWebDriver.findElement(RemoteWebDriver.java:315)
at org.openqa.selenium.By$BaseW3CLocator.findElement(By.java:399)
at org.openqa.selenium.By$ByXPath.findElement(By.java:279)
at org.openqa.selenium.remote.RemoteWebDriver.findElement(RemoteWebDriver.java:315)
at org.openqa.selenium.By$BaseW3CLocator.findElement(By.java:399)
at org.openqa.selenium.By$ByXPath.findElement(By.java:279)
at org.openqa.selenium.remote.RemoteWebDriver.findElement(RemoteWebDriver.java:315)
at org.openqa.selenium.By$BaseW3CLocator.findElement(By.java:399)
at org.openqa.selenium.By$ByXPath.findElement(By.java:279)
at org.openqa.selenium.remote.RemoteWebDriver.findElement(RemoteWebDriver.java:315)
at org.openqa.selenium.By$BaseW3CLocator.findElement(By.java:399)
at org.openqa.selenium.By$ByXPath.findElement(By.java:279)
at org.openqa.selenium.remote.RemoteWebDriver.findElement(RemoteWebDriver.java:315)
at org.openqa.selenium.By$BaseW3CLocator.findElement(By.java:399)
at org.openqa.selenium.By$ByXPath.findElement(By.java:279)
at org.openqa.selenium.remote.RemoteWebDriver.findElement(RemoteWebDriver.java:315)
at org.openqa.selenium.By$BaseW3CLocator.findElement(By.java:399)
at org.openqa.selenium.By$ByXPath.findElement(By.java:279)
at org.openqa.selenium.remote.RemoteWebDriver.findElement(RemoteWebDriver.java:315)
at org.openqa.selenium.By$BaseW3CLocator.findElement(By.java:399)
at org.openqa.selenium.By$ByXPath.findElement(By.java:279)
at org.openqa.selenium.remote.RemoteWebDriver.findElement(RemoteWebDriver.java:315)
at org.openqa.selenium.By$BaseW3CLocator.findElement(By.java:399)
at org.openqa.selenium.By$ByXPath.findElement(By.java:279)
at org.openqa.selenium.remote.RemoteWebDriver.findElement(RemoteWebDriver.java:315)
at org.openqa.selenium.By$BaseW3CLocator.findElement(By.java:399)
at org.openqa.selenium.By$ByXPath.findElement(By.java:279)
at org.openqa.selenium.remote.RemoteWebDriver.findElement(RemoteWebDriver.java:315)
at org.openqa.selenium.By$BaseW3CLocator.findElement(By.java:399)
at org.openqa.selenium.By$ByXPath.findElement(By.java:279)
at org.openqa.selenium.remote.RemoteWebDriver.findElement(RemoteWebDriver.java:315)
at org.openqa.selenium.By$BaseW3CLocator.findElement(By.java:399)
at org.openqa.selenium.By$ByXPath.findElement(By.java:279)
at org.openqa.selenium.remote.RemoteWebDriver.findElement(RemoteWebDriver.java:315)
at org.openqa.selenium.By$BaseW3CLocator.findElement(By.java:399)
at org.openqa.selenium.By$ByXPath.findElement(By.java:279)
at org.openqa.selenium.remote.RemoteWebDriver.findElement(RemoteWebDriver.java:315)
at org.openqa.selenium.By$BaseW3CLocator.findElement(By.java:399)
at org.openqa.selenium.By$ByXPath.findElement(By.java:279)
at org.openqa.selenium.remote.RemoteWebDriver.findElement(RemoteWebDriver.java:315)
at org.openqa.selenium.By$BaseW3CLocator.findElement(By.java:399)
at org.openqa.selenium.By$ByXPath.findElement(By.java:279)
at org.openqa.selenium.remote.RemoteWebDriver.findElement(RemoteWebDriver.java:315)
at org.openqa.selenium.By$BaseW3CLocator.findElement(By.java:399)
at org.openqa.selenium.By$ByXPath.findElement(By.java:279)
at org.openqa.selenium.remote.RemoteWebDriver.findElement(RemoteWebDriver.java:315)
at org.openqa.selenium.By$BaseW3CLocator.findElement(By.java:399)
at org.openqa.selenium.By$ByXPath.findElement(By.java:279)
at org.openqa.selenium.remote.RemoteWebDriver.findElement(RemoteWebDriver.java:315)
at org.openqa.selenium.By$BaseW3CLocator.findElement(By.java:399)
at org.openqa.selenium.By$ByXPath.findElement(By.java:279)
at org.openqa.selenium.remote.RemoteWebDriver.findElement(RemoteWebDriver.java:315)
at org.openqa.selenium.By$BaseW3CLocator.findElement(By.java:399)
at org.openqa.selenium.By$ByXPath.findElement(By.java:279)
at org.openqa.selenium.remote.RemoteWebDriver.findElement(RemoteWebDriver.java:315)
at org.openqa.selenium.By$BaseW3CLocator.findElement(By.java:399)
at org.openqa.selenium.By$ByXPath.findElement(By.java:279)
at org.openqa.selenium.remote.RemoteWebDriver.findElement(RemoteWebDriver.java:315)
at org.openqa.selenium.By$BaseW3CLocator.findElement(By.java:399)
at org.openqa.selenium.By$ByXPath.findElement(By.java:279)
at org.openqa.selenium.remote.RemoteWebDriver.findElement(RemoteWebDriver.java:315)
at org.openqa.selenium.By$BaseW3CLocator.findElement(By.java:399)
at org.openqa.selenium.By$ByXPath.findElement(By.java:279)
at org.openqa.selenium.remote.RemoteWebDriver.findElement(RemoteWebDriver.java:315)
at org.openqa.selenium.By$BaseW3CLocator.findElement(By.java:399)
at org.openqa.selenium.By$ByXPath.findElement(By.java:279)
at org.openqa.selenium.remote.RemoteWebDriver.findElement(RemoteWebDriver.java:315)
at org.openqa.selenium.By$BaseW3CLocator.findElement(By.java:399)
at org.openqa.selenium.By$ByXPath.findElement(By.java:279)
at org.openqa.selenium.remote.RemoteWebDriver.findElement(RemoteWebDriver.java:315)
at org.openqa.selenium.By$BaseW3CLocator.findElement(By.java:399)
at org.openqa.selenium.By$ByXPath.findElement(By.java:279)
at org.openqa.selenium.remote.RemoteWebDriver.findElement(RemoteWebDriver.java:315)
at org.openqa.selenium.By$BaseW3CLocator.findElement(By.java:399)
at org.openqa.selenium.By$ByXPath.findElement(By.java:279)
at org.openqa.selenium.remote.RemoteWebDriver.findElement(RemoteWebDriver.java:315)
at org.openqa.selenium.By$BaseW3CLocator.findElement(By.java:399)
at org.openqa.selenium.By$ByXPath.findElement(By.java:279)
at org.openqa.selenium.remote.RemoteWebDriver.findElement(RemoteWebDriver.java:315)
at org.openqa.selenium.By$BaseW3CLocator.findElement(By.java:399)
at org.openqa.selenium.By$ByXPath.findElement(By.java:279)
at org.openqa.selenium.remote.RemoteWebDriver.findElement(RemoteWebDriver.java:315)
at org.openqa.selenium.By$BaseW3CLocator.findElement(By.java:399)
at org.openqa.selenium.By$ByXPath.findElement(By.java:279)
at org.openqa.selenium.remote.RemoteWebDriver.findElement(RemoteWebDriver.java:315)
at org.openqa.selenium.By$BaseW3CLocator.findElement(By.java:399)
at org.openqa.selenium.By$ByXPath.findElement(By.java:279)
at org.openqa.selenium.remote.RemoteWebDriver.findElement(RemoteWebDriver.java:315)
at org.openqa.selenium.By$BaseW3CLocator.findElement(By.java:399)
at org.openqa.selenium.By$ByXPath.findElement(By.java:279)
at org.openqa.selenium.remote.RemoteWebDriver.findElement(RemoteWebDriver.java:315)
at org.openqa.selenium.By$BaseW3CLocator.findElement(By.java:399)
at org.openqa.selenium.By$ByXPath.findElement(By.java:279)
at org.openqa.selenium.remote.RemoteWebDriver.findElement(RemoteWebDriver.java:315)
at org.openqa.selenium.By$BaseW3CLocator.findElement(By.java:399)
at org.openqa.selenium.By$ByXPath.findElement(By.java:279)
at org.openqa.selenium.remote.RemoteWebDriver.findElement(RemoteWebDriver.java:315)
at org.openqa.selenium.By$BaseW3CLocator.findElement(By.java:399)
at org.openqa.selenium.By$ByXPath.findElement(By.java:279)
at org.openqa.selenium.remote.RemoteWebDriver.findElement(RemoteWebDriver.java:315)
at org.openqa.selenium.By$BaseW3CLocator.findElement(By.java:399)
at org.openqa.selenium.By$ByXPath.findElement(By.java:279)
at org.openqa.selenium.remote.RemoteWebDriver.findElement(RemoteWebDriver.java:315)
at org.openqa.selenium.By$BaseW3CLocator.findElement(By.java:399)
at org.openqa.selenium.By$ByXPath.findElement(By.java:279)
at org.openqa.selenium.remote.RemoteWebDriver.findElement(RemoteWebDriver.java:315)
at org.openqa.selenium.By$BaseW3CLocator.findElement(By.java:399)
at org.openqa.selenium.By$ByXPath.findElement(By.java:279)
at org.openqa.selenium.remote.RemoteWebDriver.findElement(RemoteWebDriver.java:315)
at org.openqa.selenium.By$BaseW3CLocator.findElement(By.java:399)
at org.openqa.selenium.By$ByXPath.findElement(By.java:279)
at org.openqa.selenium.remote.RemoteWebDriver.findElement(RemoteWebDriver.java:315)
at org.openqa.selenium.By$BaseW3CLocator.findElement(By.java:399)
at org.openqa.selenium.By$ByXPath.findElement(By.java:279)
at org.openqa.selenium.remote.RemoteWebDriver.findElement(RemoteWebDriver.java:315)
at org.openqa.selenium.By$BaseW3CLocator.findElement(By.java:399)
at org.openqa.selenium.By$ByXPath.findElement(By.java:279)
at org.openqa.selenium.remote.RemoteWebDriver.findElement(RemoteWebDriver.java:315)
at org.openqa.selenium.By$BaseW3CLocator.findElement(By.java:399)
at org.openqa.selenium.By$ByXPath.findElement(By.java:279)
at org.openqa.selenium.remote.RemoteWebDriver.findElement(RemoteWebDriver.java:315)
at org.openqa.selenium.By$BaseW3CLocator.findElement(By.java:399)
at org.openqa.selenium.By$ByXPath.findElement(By.java:279)
at org.openqa.selenium.remote.RemoteWebDriver.findElement(RemoteWebDriver.java:315)
at org.openqa.selenium.By$BaseW3CLocator.findElement(By.java:399)
at org.openqa.selenium.By$ByXPath.findElement(By.java:279)
at org.openqa.selenium.remote.RemoteWebDriver.findElement(RemoteWebDriver.java:315)
at org.openqa.selenium.By$BaseW3CLocator.findElement(By.java:399)
at org.openqa.selenium.By$ByXPath.findElement(By.java:279)
at org.openqa.selenium.remote.RemoteWebDriver.findElement(RemoteWebDriver.java:315)
at org.openqa.selenium.By$BaseW3CLocator.findElement(By.java:399)
at org.openqa.selenium.By$ByXPath.findElement(By.java:279)
at org.openqa.selenium.remote.RemoteWebDriver.findElement(RemoteWebDriver.java:315)
at org.openqa.selenium.By$BaseW3CLocator.findElement(By.java:399)
at org.openqa.selenium.By$ByXPath.findElement(By.java:279)
at org.openqa.selenium.remote.RemoteWebDriver.findElement(RemoteWebDriver.java:315)
at org.openqa.selenium.By$BaseW3CLocator.findElement(By.java:399)
at org.openqa.selenium.By$ByXPath.findElement(By.java:279)
at org.openqa.selenium.remote.RemoteWebDriver.findElement(RemoteWebDriver.java:315)
at org.openqa.selenium.By$BaseW3CLocator.findElement(By.java:399)
at org.openqa.selenium.By$ByXPath.findElement(By.java:279)
at org.openqa.selenium.remote.RemoteWebDriver.findElement(RemoteWebDriver.java:315)
]]>
    </error>
  </testcase> <!-- main -->
  <system-out/>
</testsuite> <!-- RMS.RMS -->
